<?xml version="1.0" encoding="UTF-8"?>
<!-- Generated by org.testng.reporters.JUnitReportReporter -->
<testsuite skipped="0" hostname="LAPTOP-5E3MODR9" name="com.WhetherTestcase" tests="1" failures="0" timestamp="2020-01-24T18:39:35 IST" time="1.584" errors="0">
  <testcase name="exampleRest" time="1.584" classname="com.WhetherTestcase"/>
</testsuite> <!-- com.WhetherTestcase -->
