<?xml version="1.0" encoding="UTF-8"?>
<!-- Generated by org.testng.reporters.JUnitReportReporter -->
<testsuite skipped="0" hostname="LAPTOP-5E3MODR9" name="com.test.SimpleGetTest1" tests="4" failures="0" timestamp="2020-01-24T18:39:35 IST" time="3.558" errors="0">
  <testcase name="VerifyCityInJsonResponseJson" time="0.650" classname="com.test.SimpleGetTest1"/>
  <testcase name="WeatherMessageBody" time="0.598" classname="com.test.SimpleGetTest1"/>
  <testcase name="GetWeatherDetailsInvalidCity" time="0.697" classname="com.test.SimpleGetTest1"/>
  <testcase name="VerifyCityInJsonResponse" time="1.613" classname="com.test.SimpleGetTest1"/>
</testsuite> <!-- com.test.SimpleGetTest1 -->
