<?xml version="1.0" encoding="UTF-8"?>
<!-- Generated by org.testng.reporters.JUnitReportReporter -->
<testsuite skipped="0" hostname="LAPTOP-5E3MODR9" name="com.test.SimpleGetTest" tests="6" failures="0" timestamp="2020-01-24T18:39:35 IST" time="59.339" errors="0">
  <testcase name="GetWeatherDetails" time="7.185" classname="com.test.SimpleGetTest"/>
  <testcase name="VerifyCityInJsonResponse" time="2.106" classname="com.test.SimpleGetTest"/>
  <testcase name="GetWeatherDetailsInvalidCity" time="0.729" classname="com.test.SimpleGetTest"/>
  <testcase name="VerifyCityInJsonResponseJson" time="0.583" classname="com.test.SimpleGetTest"/>
  <testcase name="GetWeatherDetailsStatus" time="2.376" classname="com.test.SimpleGetTest"/>
  <testcase name="WeatherMessageBody" time="46.360" classname="com.test.SimpleGetTest"/>
</testsuite> <!-- com.test.SimpleGetTest -->
