<?xml version="1.0" encoding="UTF-8"?>
<!-- Generated by org.testng.reporters.JUnitReportReporter -->
<testsuite skipped="0" hostname="LAPTOP-5E3MODR9" name="com.WhetherTestCase1" tests="1" failures="0" timestamp="2020-01-24T18:39:35 IST" time="1.679" errors="0">
  <testcase name="exampleRest2" time="1.679" classname="com.WhetherTestCase1"/>
</testsuite> <!-- com.WhetherTestCase1 -->
